[2019-02-18 12:14:33,573] INFO_2  : Loaded plugins: blacklist, fastestmirror, whiteout
[2019-02-18 12:14:33,573] INFO_2  : No plugin match for: pidplugin
[2019-02-18 12:14:33,576] DEBUG   : Config time: 0.111
[2019-02-18 12:14:34,496] DEBUG   : repo time: 0.906
[2019-02-18 12:14:34,506] DEBUG   : Setting up Package Sacks
[2019-02-18 12:14:34,609] DEBUG   : rpmdb time: 0.000
[2019-02-18 12:14:34,669] DEBUG   : pkgsack time: 0.163
[2019-02-18 12:14:34,783] DEBUG   : group time: 0.113
[2019-02-18 12:14:34,899] DEBUG   : group time: 0.114
[2019-02-18 12:17:32,152] DEBUG   : group time: 0.091
[2019-02-18 12:17:32,228] DEBUG   : Obs Init time: 0.074
[2019-02-18 12:17:32,253] DEBUG   : No package named netxen-firmware available to be installed
[2019-02-18 12:17:32,265] CRITICAL: Warning: Group server-policy does not have any packages.
[2019-02-18 12:17:32,265] CRITICAL: Warning: Group workstation-policy does not have any packages.
[2019-02-18 12:17:39,398] DEBUG   : No package named abrt-plugin-mailx available to be installed
[2019-02-18 12:17:39,413] DEBUG   : No package named openssl-ibmca available to be installed
[2019-02-18 12:17:39,413] DEBUG   : No package named abrt-plugin-sosreport available to be installed
[2019-02-18 12:17:39,428] DEBUG   : No package named redhat-access-insights available to be installed
[2019-02-18 12:17:39,429] DEBUG   : no such package abrt-plugin-mailx for base
[2019-02-18 12:17:39,430] DEBUG   : no such package openssl-ibmca for base
[2019-02-18 12:17:39,430] DEBUG   : no such package abrt-plugin-sosreport for base
[2019-02-18 12:17:39,430] DEBUG   : no such package redhat-access-insights for base
[2019-02-18 12:17:39,432] DEBUG   : no such package servicelog for base
[2019-02-18 12:17:39,433] DEBUG   : no such package yum-plugin-protect-packages for base
[2019-02-18 12:17:39,435] DEBUG   : no such package openssh-clients-fips for base
[2019-02-18 12:17:39,435] DEBUG   : no such package abrt-plugin-mailx for base
[2019-02-18 12:17:39,435] DEBUG   : no such package openssl-ibmca for base
[2019-02-18 12:17:39,436] DEBUG   : no such package abrt-plugin-sosreport for base
[2019-02-18 12:17:39,437] DEBUG   : no such package redhat-access-insights for base
[2019-02-18 12:17:39,439] DEBUG   : no such package servicelog for base
[2019-02-18 12:17:39,440] DEBUG   : no such package yum-plugin-protect-packages for base
[2019-02-18 12:17:39,441] DEBUG   : no such package openssh-clients-fips for base
[2019-02-18 12:17:41,921] DEBUG   : No package named compat-libgcc-296 available to be installed
[2019-02-18 12:17:41,924] DEBUG   : No package named compat-openmpi-psm available to be installed
[2019-02-18 12:17:41,927] DEBUG   : No package named compat-openmpi available to be installed
[2019-02-18 12:17:41,927] DEBUG   : No package named compat-libstdc++-295 available to be installed
[2019-02-18 12:17:41,929] DEBUG   : no such package compat-libgcc-296 for compat-libraries
[2019-02-18 12:17:41,929] DEBUG   : no such package compat-openmpi-psm for compat-libraries
[2019-02-18 12:17:41,930] DEBUG   : no such package compat-openmpi for compat-libraries
[2019-02-18 12:17:41,930] DEBUG   : no such package compat-libstdc++-295 for compat-libraries
[2019-02-18 12:17:41,930] DEBUG   : no such package compat-libgcc-296 for compat-libraries
[2019-02-18 12:17:41,930] DEBUG   : no such package compat-openmpi-psm for compat-libraries
[2019-02-18 12:17:41,930] DEBUG   : no such package compat-openmpi for compat-libraries
[2019-02-18 12:17:41,930] DEBUG   : no such package compat-libstdc++-295 for compat-libraries
[2019-02-18 12:18:40,061] DEBUG   : no such package java-gcj-compat-devel for additional-devel
[2019-02-18 12:18:40,062] DEBUG   : no such package perl-Test-More for additional-devel
[2019-02-18 12:18:40,066] DEBUG   : no such package kdeplasma-addon-devel for additional-devel
[2019-02-18 12:18:40,068] DEBUG   : no such package python-setuptools-devel for additional-devel
[2019-02-18 12:19:47,771] DEBUG   : Building updates object
[2019-02-18 12:19:47,899] DEBUG   : up:simple updates time: 0.048
[2019-02-18 12:19:47,901] DEBUG   : up:obs time: 0.002
[2019-02-18 12:19:47,901] DEBUG   : up:condense time: 0.000
[2019-02-18 12:19:47,901] DEBUG   : updates time: 0.131
[2019-02-18 12:19:47,906] DEBUG   : TSINFO: Marking abrt-libs-2.0.8-43.el6.centos.x86_64 as install for abrt-addon-ccpp-2.0.8-43.el6.centos.x86_64
[2019-02-18 12:19:47,908] DEBUG   : TSINFO: Marking abrt-2.0.8-43.el6.centos.x86_64 as install for abrt-addon-ccpp-2.0.8-43.el6.centos.x86_64
[2019-02-18 12:19:47,911] DEBUG   : TSINFO: Marking nss-3.27.1-13.el6.x86_64 as install for abrt-addon-ccpp-2.0.8-43.el6.centos.x86_64
[2019-02-18 12:19:47,911] DEBUG   : Quick matched nss-3.27.1-13.el6.x86_64 to require for libnss3.so(NSS_3.9.2)(64bit)
[2019-02-18 12:19:47,911] DEBUG   : Quick matched nss-3.27.1-13.el6.x86_64 to require for libnss3.so(NSS_3.4)(64bit)
[2019-02-18 12:19:47,911] DEBUG   : Quick matched nss-3.27.1-13.el6.x86_64 to require for libnss3.so(NSS_3.3)(64bit)
[2019-02-18 12:19:47,911] DEBUG   : Quick matched nss-3.27.1-13.el6.x86_64 to require for libnss3.so(NSS_3.2)(64bit)
[2019-02-18 12:19:47,911] DEBUG   : Quick matched nss-3.27.1-13.el6.x86_64 to require for libnss3.so(NSS_3.12)(64bit)
[2019-02-18 12:19:47,914] DEBUG   : TSINFO: Marking elfutils-libs-0.164-2.el6.x86_64 as install for abrt-addon-ccpp-2.0.8-43.el6.centos.x86_64
[2019-02-18 12:19:47,917] DEBUG   : TSINFO: Marking elfutils-libelf-0.164-2.el6.x86_64 as install for abrt-addon-ccpp-2.0.8-43.el6.centos.x86_64
[2019-02-18 12:19:47,917] DEBUG   : TSINFO: Marking python-2.6.6-66.el6_8.x86_64 as install for abrt-addon-ccpp-2.0.8-43.el6.centos.x86_64
[2019-02-18 12:19:47,918] DEBUG   : Quick matched nss-3.27.1-13.el6.x86_64 to require for libsmime3.so()(64bit)
[2019-02-18 12:19:47,919] DEBUG   : TSINFO: Marking libselinux-2.0.94-7.el6.x86_64 as install for abrt-addon-ccpp-2.0.8-43.el6.centos.x86_64
[2019-02-18 12:19:47,922] DEBUG   : TSINFO: Marking satyr-0.16-2.el6.x86_64 as install for abrt-addon-ccpp-2.0.8-43.el6.centos.x86_64
[2019-02-18 12:19:47,923] DEBUG   : TSINFO: Marking libreport-2.0.9-33.el6.centos.x86_64 as install for abrt-addon-ccpp-2.0.8-43.el6.centos.x86_64
[2019-02-18 12:19:47,924] DEBUG   : TSINFO: Marking nspr-4.13.1-1.el6.x86_64 as install for abrt-addon-ccpp-2.0.8-43.el6.centos.x86_64
[2019-02-18 12:19:47,924] DEBUG   : Quick matched nspr-4.13.1-1.el6.x86_64 to require for libplc4.so()(64bit)
[2019-02-18 12:19:47,926] DEBUG   : TSINFO: Marking nss-util-3.27.1-3.el6.x86_64 as install for abrt-addon-ccpp-2.0.8-43.el6.centos.x86_64
[2019-02-18 12:19:47,927] DEBUG   : TSINFO: Marking glib2-2.28.8-9.el6.x86_64 as install for abrt-addon-ccpp-2.0.8-43.el6.centos.x86_64
[2019-02-18 12:19:47,929] DEBUG   : TSINFO: Marking libreport-plugin-kerneloops-2.0.9-33.el6.centos.x86_64 as install for abrt-addon-kerneloops-2.0.8-43.el6.centos.x86_64
[2019-02-18 12:19:47,930] DEBUG   : TSINFO: Marking curl-7.19.7-52.el6.x86_64 as install for abrt-addon-kerneloops-2.0.8-43.el6.centos.x86_64
[2019-02-18 12:19:47,932] DEBUG   : TSINFO: Marking libreport-plugin-rhtsupport-2.0.9-33.el6.centos.x86_64 as install for abrt-cli-2.0.8-43.el6.centos.x86_64
[2019-02-18 12:19:47,933] DEBUG   : TSINFO: Marking libreport-plugin-mailx-2.0.9-33.el6.centos.x86_64 as install for abrt-cli-2.0.8-43.el6.centos.x86_64
[2019-02-18 12:19:47,933] DEBUG   : TSINFO: Marking libreport-plugin-logger-2.0.9-33.el6.centos.x86_64 as install for abrt-cli-2.0.8-43.el6.centos.x86_64
[2019-02-18 12:19:47,934] DEBUG   : TSINFO: Marking libreport-cli-2.0.9-33.el6.centos.x86_64 as install for abrt-cli-2.0.8-43.el6.centos.x86_64
[2019-02-18 12:19:47,936] DEBUG   : TSINFO: Marking abrt-tui-2.0.8-43.el6.centos.x86_64 as install for abrt-cli-2.0.8-43.el6.centos.x86_64
[2019-02-18 12:19:47,943] DEBUG   : TSINFO: Marking libacl-2.2.49-7.el6.x86_64 as install for acl-2.2.49-7.el6.x86_64
[2019-02-18 12:19:47,943] DEBUG   : Quick matched libacl-2.2.49-7.el6.x86_64 to require for libacl.so.1(ACL_1.0)(64bit)
[2019-02-18 12:19:47,944] DEBUG   : TSINFO: Marking libattr-2.4.44-7.el6.x86_64 as install for acl-2.2.49-7.el6.x86_64
[2019-02-18 12:19:47,946] DEBUG   : TSINFO: Marking chkconfig-1.3.49.5-1.el6.x86_64 as install for acpid-1.0.10-3.el6.x86_64
[2019-02-18 12:19:47,947] DEBUG   : TSINFO: Marking udev-147-2.73.el6_8.2.x86_64 as install for aic94xx-firmware-30-2.el6.noarch
[2019-02-18 12:19:47,952] DEBUG   : TSINFO: Marking alsa-lib-1.1.0-4.el6.x86_64 as install for alsa-utils-1.1.0-10.el6.x86_64
[2019-02-18 12:19:47,952] DEBUG   : Quick matched alsa-lib-1.1.0-4.el6.x86_64 to require for libasound.so.2(ALSA_0.9.0rc4)(64bit)
[2019-02-18 12:19:47,952] DEBUG   : Quick matched alsa-lib-1.1.0-4.el6.x86_64 to require for libasound.so.2(ALSA_0.9)(64bit)
[2019-02-18 12:19:47,954] DEBUG   : TSINFO: Marking ncurses-libs-5.7-4.20090207.el6.x86_64 as install for alsa-utils-1.1.0-10.el6.x86_64
[2019-02-18 12:19:47,954] DEBUG   : Quick matched ncurses-libs-5.7-4.20090207.el6.x86_64 to require for libpanelw.so.5()(64bit)
[2019-02-18 12:19:47,955] DEBUG   : Quick matched ncurses-libs-5.7-4.20090207.el6.x86_64 to require for libncursesw.so.5()(64bit)
[2019-02-18 12:19:47,955] DEBUG   : Quick matched ncurses-libs-5.7-4.20090207.el6.x86_64 to require for libmenuw.so.5()(64bit)
[2019-02-18 12:19:47,955] DEBUG   : Quick matched ncurses-libs-5.7-4.20090207.el6.x86_64 to require for libformw.so.5()(64bit)
[2019-02-18 12:19:47,958] DEBUG   : TSINFO: Marking pam-1.1.1-24.el6.x86_64 as install for at-3.1.10-49.el6.x86_64
[2019-02-18 12:19:47,958] DEBUG   : Quick matched pam-1.1.1-24.el6.x86_64 to require for libpam_misc.so.0()(64bit)
[2019-02-18 12:19:47,958] DEBUG   : Quick matched pam-1.1.1-24.el6.x86_64 to require for libpam.so.0()(64bit)
[2019-02-18 12:19:47,968] DEBUG   : TSINFO: Marking audit-libs-2.4.5-6.el6.x86_64 as install for audit-2.4.5-6.el6.x86_64
[2019-02-18 12:19:47,969] DEBUG   : TSINFO: Marking tcp_wrappers-libs-7.6-58.el6.x86_64 as install for audit-2.4.5-6.el6.x86_64
[2019-02-18 12:19:47,969] DEBUG   : Quick matched audit-libs-2.4.5-6.el6.x86_64 to require for libaudit.so.1()(64bit)
[2019-02-18 12:19:47,973] DEBUG   : TSINFO: Marking newt-python-0.52.11-4.el6.x86_64 as install for authconfig-6.1.12-23.el6.x86_64
[2019-02-18 12:19:47,984] DEBUG   : TSINFO: Marking 4:perl-5.10.1-144.el6.x86_64 as install for autoconf-2.63-5.1.el6.noarch
[2019-02-18 12:19:47,985] DEBUG   : Quick matched 4:perl-5.10.1-144.el6.x86_64 to require for perl
[2019-02-18 12:19:47,986] DEBUG   : Quick matched 4:perl-5.10.1-144.el6.x86_64 to require for perl
[2019-02-18 12:19:47,987] DEBUG   : TSINFO: Marking m4-1.4.13-5.el6.x86_64 as install for autoconf-2.63-5.1.el6.noarch
[2019-02-18 12:19:47,988] DEBUG   : Quick matched 4:perl-5.10.1-144.el6.x86_64 to require for perl(strict)
[2019-02-18 12:19:47,988] DEBUG   : Quick matched 4:perl-5.10.1-144.el6.x86_64 to require for perl(Text::ParseWords)
[2019-02-18 12:19:47,989] DEBUG   : Quick matched 4:perl-5.10.1-144.el6.x86_64 to require for perl(POSIX)
[2019-02-18 12:19:47,989] DEBUG   : Quick matched 4:perl-5.10.1-144.el6.x86_64 to require for perl(IO::File)
[2019-02-18 12:19:47,990] DEBUG   : Quick matched 4:perl-5.10.1-144.el6.x86_64 to require for perl(Getopt::Long)
[2019-02-18 12:19:47,990] DEBUG   : Quick matched 4:perl-5.10.1-144.el6.x86_64 to require for perl(File::stat)
[2019-02-18 12:19:47,991] DEBUG   : Quick matched 4:perl-5.10.1-144.el6.x86_64 to require for perl(File::Spec)
[2019-02-18 12:19:47,991] DEBUG   : Quick matched 4:perl-5.10.1-144.el6.x86_64 to require for perl(File::Path)
[2019-02-18 12:19:47,991] DEBUG   : Quick matched 4:perl-5.10.1-144.el6.x86_64 to require for perl(File::Find)
[2019-02-18 12:19:47,992] DEBUG   : Quick matched 4:perl-5.10.1-144.el6.x86_64 to require for perl(File::Copy)
[2019-02-18 12:19:47,992] DEBUG   : Quick matched 4:perl-5.10.1-144.el6.x86_64 to require for perl(File::Compare)
[2019-02-18 12:19:47,992] DEBUG   : Quick matched 4:perl-5.10.1-144.el6.x86_64 to require for perl(File::Basename)
[2019-02-18 12:19:47,993] DEBUG   : Quick matched 4:perl-5.10.1-144.el6.x86_64 to require for perl(Exporter)
[2019-02-18 12:19:47,993] DEBUG   : Quick matched 4:perl-5.10.1-144.el6.x86_64 to require for perl(Errno)
[2019-02-18 12:19:47,993] DEBUG   : Quick matched 4:perl-5.10.1-144.el6.x86_64 to require for perl(DynaLoader)
[2019-02-18 12:19:47,994] DEBUG   : Quick matched 4:perl-5.10.1-144.el6.x86_64 to require for perl(Data::Dumper)
[2019-02-18 12:19:47,994] DEBUG   : Quick matched 4:perl-5.10.1-144.el6.x86_64 to require for perl(Cwd)
[2019-02-18 12:19:47,995] DEBUG   : Quick matched 4:perl-5.10.1-144.el6.x86_64 to require for perl(Carp)
[2019-02-18 12:19:47,997] DEBUG   : TSINFO: Marking info-4.13a-8.el6.x86_64 as install for autoconf-2.63-5.1.el6.noarch
[2019-02-18 12:19:48,002] DEBUG   : TSINFO: Marking module-init-tools-3.9-26.el6.x86_64 as install for b43-openfwwf-5.2-10.el6.noarch
[2019-02-18 12:19:48,006] DEBUG   : TSINFO: Marking readline-6.0-4.el6.x86_64 as install for bc-1.06.95-1.el6.x86_64
[2019-02-18 12:19:48,011] DEBUG   : TSINFO: Marking 32:bind-libs-9.8.2-0.62.rc1.el6.x86_64 as install for 32:bind-utils-9.8.2-0.62.rc1.el6.x86_64
[2019-02-18 12:19:48,015] DEBUG   : TSINFO: Marking krb5-libs-1.10.3-65.el6.x86_64 as install for 32:bind-utils-9.8.2-0.62.rc1.el6.x86_64
[2019-02-18 12:19:48,016] DEBUG   : TSINFO: Marking libidn-1.18-2.el6.x86_64 as install for 32:bind-utils-9.8.2-0.62.rc1.el6.x86_64
[2019-02-18 12:19:48,017] DEBUG   : TSINFO: Marking zlib-1.2.3-29.el6.x86_64 as install for 32:bind-utils-9.8.2-0.62.rc1.el6.x86_64
[2019-02-18 12:19:48,019] DEBUG   : TSINFO: Marking libxml2-2.7.6-21.el6_8.1.x86_64 as install for 32:bind-utils-9.8.2-0.62.rc1.el6.x86_64
[2019-02-18 12:19:48,021] DEBUG   : Quick matched 32:bind-libs-9.8.2-0.62.rc1.el6.x86_64 to require for libisccc.so.80()(64bit)
[2019-02-18 12:19:48,021] DEBUG   : Quick matched 32:bind-libs-9.8.2-0.62.rc1.el6.x86_64 to require for libisc.so.83()(64bit)
[2019-02-18 12:19:48,024] DEBUG   : TSINFO: Marking openssl-1.0.1e-57.el6.x86_64 as install for 32:bind-utils-9.8.2-0.62.rc1.el6.x86_64
[2019-02-18 12:19:48,025] DEBUG   : TSINFO: Marking libcap-2.16-5.5.el6.x86_64 as install for 32:bind-utils-9.8.2-0.62.rc1.el6.x86_64
[2019-02-18 12:19:48,029] DEBUG   : TSINFO: Marking pciutils-libs-3.1.10-4.el6.x86_64 as install for biosdevname-0.7.2-1.el6.x86_64
[2019-02-18 12:19:48,029] DEBUG   : Quick matched pciutils-libs-3.1.10-4.el6.x86_64 to require for libpci.so.3()(64bit)
[2019-02-18 12:19:48,036] DEBUG   : TSINFO: Marking bzip2-libs-1.0.5-7.el6_0.x86_64 as install for bzip2-1.0.5-7.el6_0.x86_64
[2019-02-18 12:19:48,039] DEBUG   : TSINFO: Marking python-paramiko-1.7.5-2.1.el6.noarch as install for cas-0.15-1.el6.1.noarch
[2019-02-18 12:19:48,041] DEBUG   : TSINFO: Marking compat-db43-4.3.29-17.el6.x86_64 as install for compat-db-4.6.21-17.el6.x86_64
[2019-02-18 12:19:48,043] DEBUG   : TSINFO: Marking compat-db42-4.2.52-17.el6.x86_64 as install for compat-db-4.6.21-17.el6.x86_64
[2019-02-18 12:19:48,045] DEBUG   : TSINFO: Marking 1:compat-glibc-headers-2.5-46.2.x86_64 as install for 1:compat-glibc-2.5-46.2.x86_64
[2019-02-18 12:19:48,061] DEBUG   : TSINFO: Marking glibc-2.12-1.209.el6.i686 as install for compat-libstdc++-296-2.96-144.el6.i686
[2019-02-18 12:19:48,062] DEBUG   : Quick matched glibc-2.12-1.209.el6.i686 to require for libm.so.6
[2019-02-18 12:19:48,063] DEBUG   : TSINFO: Marking libgcc-4.4.7-18.el6.i686 as install for compat-libstdc++-296-2.96-144.el6.i686
[2019-02-18 12:19:48,064] DEBUG   : Quick matched libgcc-4.4.7-18.el6.i686 to require for libgcc_s.so.1
[2019-02-18 12:19:48,066] DEBUG   : TSINFO: Marking libgcc-4.4.7-18.el6.x86_64 as install for compat-libstdc++-33-3.2.3-69.el6.x86_64
[2019-02-18 12:19:48,066] DEBUG   : Quick matched libgcc-4.4.7-18.el6.x86_64 to require for libgcc_s.so.1(GCC_3.0)(64bit)
[2019-02-18 12:19:48,066] DEBUG   : Quick matched libgcc-4.4.7-18.el6.x86_64 to require for libgcc_s.so.1()(64bit)
[2019-02-18 12:19:48,068] DEBUG   : TSINFO: Marking ncurses-base-5.7-4.20090207.el6.x86_64 as install for compat-libtermcap-2.0.8-49.el6.x86_64
[2019-02-18 12:19:48,074] DEBUG   : TSINFO: Marking openldap-2.4.40-16.el6.x86_64 as install for 1:compat-openldap-2.3.43-2.el6.x86_64
[2019-02-18 12:19:48,075] DEBUG   : TSINFO: Marking cyrus-sasl-lib-2.1.23-15.el6_6.2.x86_64 as install for 1:compat-openldap-2.3.43-2.el6.x86_64
[2019-02-18 12:19:48,078] DEBUG   : TSINFO: Marking libxcb-1.12-4.el6.x86_64 as install for compat-xcb-util-0.4.0-2.2.el6.x86_64
[2019-02-18 12:19:48,084] DEBUG   : TSINFO: Marking coreutils-libs-8.4-46.el6.x86_64 as install for coreutils-8.4-46.el6.x86_64
[2019-02-18 12:19:48,085] DEBUG   : TSINFO: Marking grep-2.20-6.el6.x86_64 as install for coreutils-8.4-46.el6.x86_64
[2019-02-18 12:19:48,088] DEBUG   : TSINFO: Marking gmp-4.3.1-12.el6.x86_64 as install for coreutils-8.4-46.el6.x86_64
[2019-02-18 12:19:48,089] DEBUG   : Quick matched gmp-4.3.1-12.el6.x86_64 to require for libgmp.so.3()(64bit)
[2019-02-18 12:19:48,094] DEBUG   : TSINFO: Marking snappy-1.1.0-1.el6.x86_64 as install for crash-7.1.0-6.el6.x86_64
[2019-02-18 12:19:48,095] DEBUG   : TSINFO: Marking lzo-2.03-3.1.el6_5.1.x86_64 as install for crash-7.1.0-6.el6.x86_64
[2019-02-18 12:19:48,099] DEBUG   : TSINFO: Marking sed-4.2.1-10.el6.x86_64 as install for cronie-1.4.4-16.el6_8.2.x86_64
[2019-02-18 12:19:48,103] DEBUG   : TSINFO: Marking cronie-anacron-1.4.4-16.el6_8.2.x86_64 as install for cronie-1.4.4-16.el6_8.2.x86_64
[2019-02-18 12:19:48,110] DEBUG   : TSINFO: Marking cryptsetup-luks-libs-1.2.0-11.el6.x86_64 as install for cryptsetup-luks-1.2.0-11.el6.x86_64
[2019-02-18 12:19:48,111] DEBUG   : TSINFO: Marking popt-1.13-7.el6.x86_64 as install for cryptsetup-luks-1.2.0-11.el6.x86_64
[2019-02-18 12:19:48,113] DEBUG   : TSINFO: Marking fipscheck-lib-1.2.0-7.el6.x86_64 as install for cryptsetup-luks-1.2.0-11.el6.x86_64
[2019-02-18 12:19:48,118] DEBUG   : TSINFO: Marking libcom_err-1.41.12-23.el6.x86_64 as install for cvs-1.11.23-16.el6.x86_64
[2019-02-18 12:19:48,123] DEBUG   : TSINFO: Marking 1:dbus-libs-1.2.24-8.el6_6.x86_64 as install for 1:dbus-1.2.24-8.el6_6.x86_64
[2019-02-18 12:19:48,126] DEBUG   : TSINFO: Marking expat-2.0.1-13.el6_8.x86_64 as install for 1:dbus-1.2.24-8.el6_6.x86_64
[2019-02-18 12:19:48,129] DEBUG   : TSINFO: Marking libcap-ng-0.6.4-3.el6_0.1.x86_64 as install for 1:dbus-1.2.24-8.el6_6.x86_64
[2019-02-18 12:19:48,131] DEBUG   : TSINFO: Marking 12:dhcp-common-4.1.1-53.P1.el6.centos.x86_64 as install for 12:dhclient-4.1.1-53.P1.el6.centos.x86_64
[2019-02-18 12:19:48,132] DEBUG   : TSINFO: Marking gawk-3.1.7-10.el6_7.3.x86_64 as install for 12:dhclient-4.1.1-53.P1.el6.centos.x86_64
[2019-02-18 12:19:48,136] DEBUG   : TSINFO: Marking device-mapper-1.02.117-12.el6.x86_64 as install for dmraid-1.0.0.rc16-11.el6.x86_64
[2019-02-18 12:19:48,140] DEBUG   : TSINFO: Marking device-mapper-libs-1.02.117-12.el6.x86_64 as install for dmraid-1.0.0.rc16-11.el6.x86_64
[2019-02-18 12:19:48,142] DEBUG   : TSINFO: Marking device-mapper-event-libs-1.02.117-12.el6.x86_64 as install for dmraid-1.0.0.rc16-11.el6.x86_64
[2019-02-18 12:19:48,142] DEBUG   : TSINFO: Marking kpartx-0.4.9-100.el6.x86_64 as install for dmraid-1.0.0.rc16-11.el6.x86_64
[2019-02-18 12:19:48,143] DEBUG   : TSINFO: Marking dmraid-events-1.0.0.rc16-11.el6.x86_64 as install for dmraid-1.0.0.rc16-11.el6.x86_64
[2019-02-18 12:19:48,144] DEBUG   : TSINFO: Marking libsepol-2.0.41-4.el6.x86_64 as install for dmraid-1.0.0.rc16-11.el6.x86_64
[2019-02-18 12:19:48,147] DEBUG   : TSINFO: Marking libstdc++-4.4.7-18.el6.x86_64 as install for 1:doxygen-1.6.1-6.el6.x86_64
[2019-02-18 12:19:48,147] DEBUG   : Quick matched libstdc++-4.4.7-18.el6.x86_64 to require for libstdc++.so.6(CXXABI_1.3)(64bit)
[2019-02-18 12:19:48,147] DEBUG   : Quick matched libstdc++-4.4.7-18.el6.x86_64 to require for libstdc++.so.6()(64bit)
[2019-02-18 12:19:48,151] DEBUG   : TSINFO: Marking libss-1.41.12-23.el6.x86_64 as install for e2fsprogs-1.41.12-23.el6.x86_64
[2019-02-18 12:19:48,153] DEBUG   : TSINFO: Marking e2fsprogs-libs-1.41.12-23.el6.x86_64 as install for e2fsprogs-1.41.12-23.el6.x86_64
[2019-02-18 12:19:48,154] DEBUG   : TSINFO: Marking libuuid-2.17.2-12.28.el6.x86_64 as install for e2fsprogs-1.41.12-23.el6.x86_64
[2019-02-18 12:19:48,156] DEBUG   : TSINFO: Marking libblkid-2.17.2-12.28.el6.x86_64 as install for e2fsprogs-1.41.12-23.el6.x86_64
[2019-02-18 12:19:48,157] DEBUG   : Quick matched libblkid-2.17.2-12.28.el6.x86_64 to require for libblkid.so.1(BLKID_2.15)(64bit)
[2019-02-18 12:19:48,157] DEBUG   : Quick matched libblkid-2.17.2-12.28.el6.x86_64 to require for libblkid.so.1(BLKID_1.0)(64bit)
[2019-02-18 12:19:48,158] DEBUG   : Quick matched e2fsprogs-libs-1.41.12-23.el6.x86_64 to require for libe2p.so.2()(64bit)
[2019-02-18 12:19:48,172] DEBUG   : TSINFO: Marking file-libs-5.04-30.el6.x86_64 as install for file-5.04-30.el6.x86_64
[2019-02-18 12:19:48,173] DEBUG   : Quick matched file-libs-5.04-30.el6.x86_64 to require for libmagic.so.1()(64bit)
[2019-02-18 12:19:48,175] DEBUG   : TSINFO: Marking fprintd-0.1-22.git04fd09cfa.el6.x86_64 as install for fprintd-pam-0.1-22.git04fd09cfa.el6.x86_64
[2019-02-18 12:19:48,176] DEBUG   : TSINFO: Marking dbus-glib-0.86-6.el6.x86_64 as install for fprintd-pam-0.1-22.git04fd09cfa.el6.x86_64
[2019-02-18 12:19:48,180] DEBUG   : TSINFO: Marking libgomp-4.4.7-18.el6.x86_64 as install for gcc-4.4.7-18.el6.x86_64
[2019-02-18 12:19:48,181] DEBUG   : TSINFO: Marking cpp-4.4.7-18.el6.x86_64 as install for gcc-4.4.7-18.el6.x86_64
[2019-02-18 12:19:48,183] DEBUG   : TSINFO: Marking glibc-devel-2.12-1.209.el6.x86_64 as install for gcc-4.4.7-18.el6.x86_64
[2019-02-18 12:19:48,187] DEBUG   : TSINFO: Marking cloog-ppl-0.15.7-1.2.el6.x86_64 as install for gcc-4.4.7-18.el6.x86_64
[2019-02-18 12:19:48,193] DEBUG   : TSINFO: Marking libstdc++-devel-4.4.7-18.el6.x86_64 as install for gcc-c++-4.4.7-18.el6.x86_64
[2019-02-18 12:19:48,194] DEBUG   : TSINFO: Marking mpfr-2.4.1-6.el6.x86_64 as install for gcc-c++-4.4.7-18.el6.x86_64
[2019-02-18 12:19:48,200] DEBUG   : TSINFO: Marking libgfortran-4.4.7-18.el6.x86_64 as install for gcc-gfortran-4.4.7-18.el6.x86_64
[2019-02-18 12:19:48,201] DEBUG   : Quick matched libgfortran-4.4.7-18.el6.x86_64 to require for libgfortran.so.3()(64bit)
[2019-02-18 12:19:48,209] DEBUG   : TSINFO: Marking python-libs-2.6.6-66.el6_8.x86_64 as install for gdb-7.2-92.el6.x86_64
[2019-02-18 12:19:48,210] DEBUG   : Quick matched python-libs-2.6.6-66.el6_8.x86_64 to require for libpython2.6.so.1.0()(64bit)
[2019-02-18 12:19:48,214] DEBUG   : TSINFO: Marking perl-Git-1.7.1-8.el6.noarch as install for git-1.7.1-8.el6.x86_64
[2019-02-18 12:19:48,214] DEBUG   : Quick matched perl-Git-1.7.1-8.el6.noarch to require for perl(Git)
[2019-02-18 12:19:48,215] DEBUG   : TSINFO: Marking 1:perl-Error-0.17015-4.el6.noarch as install for git-1.7.1-8.el6.x86_64
[2019-02-18 12:19:48,215] DEBUG   : TSINFO: Marking less-436-13.el6.x86_64 as install for git-1.7.1-8.el6.x86_64
[2019-02-18 12:19:48,216] DEBUG   : TSINFO: Marking libcurl-7.19.7-52.el6.x86_64 as install for git-1.7.1-8.el6.x86_64
[2019-02-18 12:19:48,222] DEBUG   : TSINFO: Marking glibc-common-2.12-1.209.el6.x86_64 as install for glibc-2.12-1.209.el6.x86_64
[2019-02-18 12:19:48,224] DEBUG   : TSINFO: Marking nss-softokn-freebl-3.14.3-23.3.el6_8.x86_64 as install for glibc-2.12-1.209.el6.x86_64
[2019-02-18 12:19:48,225] DEBUG   : Quick matched nss-softokn-freebl-3.14.3-23.3.el6_8.x86_64 to require for libfreebl3.so()(64bit)
[2019-02-18 12:19:48,229] DEBUG   : TSINFO: Marking pinentry-0.7.6-8.el6.x86_64 as install for gnupg2-2.0.14-8.el6.x86_64
[2019-02-18 12:19:48,230] DEBUG   : TSINFO: Marking libgcrypt-1.4.5-12.el6_8.x86_64 as install for gnupg2-2.0.14-8.el6.x86_64
[2019-02-18 12:19:48,232] DEBUG   : TSINFO: Marking pth-2.0.7-9.3.el6.x86_64 as install for gnupg2-2.0.14-8.el6.x86_64
[2019-02-18 12:19:48,234] DEBUG   : TSINFO: Marking libgpg-error-1.7-4.el6.x86_64 as install for gnupg2-2.0.14-8.el6.x86_64
[2019-02-18 12:19:48,238] DEBUG   : TSINFO: Marking redhat-logos-60.0.14-12.el6.centos.noarch as install for 1:grub-0.97-99.el6.x86_64
[2019-02-18 12:19:48,248] DEBUG   : TSINFO: Marking upstart-0.6.5-16.el6.x86_64 as install for initscripts-9.03.58-1.el6.centos.x86_64
[2019-02-18 12:19:48,251] DEBUG   : TSINFO: Marking sysvinit-tools-2.87-6.dsf.el6.x86_64 as install for initscripts-9.03.58-1.el6.centos.x86_64
[2019-02-18 12:19:48,252] DEBUG   : TSINFO: Marking net-tools-1.60-114.el6.x86_64 as install for initscripts-9.03.58-1.el6.centos.x86_64
[2019-02-18 12:19:48,255] DEBUG   : TSINFO: Marking mingetty-1.08-5.el6.x86_64 as install for initscripts-9.03.58-1.el6.centos.x86_64
[2019-02-18 12:19:48,256] DEBUG   : TSINFO: Marking psmisc-22.6-24.el6.x86_64 as install for initscripts-9.03.58-1.el6.centos.x86_64
[2019-02-18 12:19:48,257] DEBUG   : TSINFO: Marking centos-release-6-9.el6.12.3.x86_64 as install for initscripts-9.03.58-1.el6.centos.x86_64
[2019-02-18 12:19:48,258] DEBUG   : TSINFO: Marking 1:findutils-4.4.2-9.el6.x86_64 as install for initscripts-9.03.58-1.el6.centos.x86_64
[2019-02-18 12:19:48,261] DEBUG   : TSINFO: Marking perl-XML-Parser-2.36-7.el6.x86_64 as install for intltool-0.41.0-1.1.el6.noarch
[2019-02-18 12:19:48,263] DEBUG   : TSINFO: Marking gettext-devel-0.17-18.el6.x86_64 as install for intltool-0.41.0-1.1.el6.noarch
[2019-02-18 12:19:48,268] DEBUG   : TSINFO: Marking db4-4.7.25-22.el6.x86_64 as install for iproute-2.6.32-54.el6.x86_64
[2019-02-18 12:19:48,278] DEBUG   : TSINFO: Marking numactl-2.0.9-2.el6.x86_64 as install for 2:irqbalance-1.0.7-8.el6.x86_64
[2019-02-18 12:19:48,278] DEBUG   : Quick matched numactl-2.0.9-2.el6.x86_64 to require for libnuma.so.1()(64bit)
[2019-02-18 12:19:48,286] DEBUG   : TSINFO: Marking kbd-misc-1.15-11.el6.noarch as install for kbd-1.15-11.el6.x86_64
[2019-02-18 12:19:48,362] DEBUG   : TSINFO: Marking grubby-7.0.15-7.el6.x86_64 as install for kernel-2.6.32-696.el6.x86_64
[2019-02-18 12:19:48,363] DEBUG   : TSINFO: Marking dracut-kernel-004-409.el6_8.2.noarch as install for kernel-2.6.32-696.el6.x86_64
[2019-02-18 12:19:48,369] DEBUG   : TSINFO: Marking 1:busybox-1.15.1-21.el6_6.x86_64 as install for kexec-tools-2.0.0-307.el6.x86_64
[2019-02-18 12:19:48,369] DEBUG   : TSINFO: Marking dracut-004-409.el6_8.2.noarch as install for kexec-tools-2.0.0-307.el6.x86_64
[2019-02-18 12:19:48,377] DEBUG   : TSINFO: Marking sg3_utils-libs-1.28-12.el6.x86_64 as install for ledmon-0.79-1.el6.x86_64
[2019-02-18 12:19:48,377] DEBUG   : Quick matched sg3_utils-libs-1.28-12.el6.x86_64 to require for libsgutils2.so.2()(64bit)
[2019-02-18 12:19:48,382] DEBUG   : TSINFO: Marking libtar-1.2.11-17.el6_4.1.x86_64 as install for libreport-python-2.0.9-33.el6.centos.x86_64
[2019-02-18 12:19:48,383] DEBUG   : TSINFO: Marking json-c-0.11-13.el6.x86_64 as install for libreport-python-2.0.9-33.el6.centos.x86_64
[2019-02-18 12:19:48,385] DEBUG   : TSINFO: Marking augeas-libs-1.0.0-10.el6.x86_64 as install for libreport-python-2.0.9-33.el6.centos.x86_64
[2019-02-18 12:19:48,396] DEBUG   : TSINFO: Marking lvm2-libs-2.02.143-12.el6.x86_64 as install for lvm2-2.02.143-12.el6.x86_64
[2019-02-18 12:19:48,397] DEBUG   : TSINFO: Marking device-mapper-persistent-data-0.6.2-0.1.rc7.el6.x86_64 as install for lvm2-2.02.143-12.el6.x86_64
[2019-02-18 12:19:48,398] DEBUG   : TSINFO: Marking libudev-147-2.73.el6_8.2.x86_64 as install for lvm2-2.02.143-12.el6.x86_64
[2019-02-18 12:19:48,401] DEBUG   : TSINFO: Marking groff-1.18.1.4-21.el6.x86_64 as install for man-1.6f-39.el6.x86_64
[2019-02-18 12:19:48,402] DEBUG   : Quick matched groff-1.18.1.4-21.el6.x86_64 to require for nroff-i18n
[2019-02-18 12:19:48,404] DEBUG   : TSINFO: Marking xz-lzma-compat-4.999.9-0.5.beta.20091007git.el6.x86_64 as install for man-1.6f-39.el6.x86_64
[2019-02-18 12:19:48,406] DEBUG   : TSINFO: Marking gzip-1.3.12-24.el6.x86_64 as install for man-1.6f-39.el6.x86_64
[2019-02-18 12:19:48,419] DEBUG   : TSINFO: Marking libedit-2.11-4.20080712cvs.1.el6.x86_64 as install for ntp-4.2.6p5-10.el6.centos.2.x86_64
[2019-02-18 12:19:48,424] DEBUG   : TSINFO: Marking newt-0.52.11-4.el6.x86_64 as install for ntsysv-1.3.49.5-1.el6.x86_64
[2019-02-18 12:19:48,424] DEBUG   : Quick matched newt-0.52.11-4.el6.x86_64 to require for libnewt.so.0.52()(64bit)
[2019-02-18 12:19:48,430] DEBUG   : TSINFO: Marking openssh-5.3p1-122.el6.x86_64 as install for openssh-clients-5.3p1-122.el6.x86_64
[2019-02-18 12:19:48,439] DEBUG   : TSINFO: Marking ca-certificates-2016.2.10-65.4.el6.noarch as install for openssl098e-0.9.8e-20.el6.centos.1.x86_64
[2019-02-18 12:19:48,445] DEBUG   : TSINFO: Marking libuser-0.56.13-8.el6_7.x86_64 as install for passwd-0.77-7.el6.x86_64
[2019-02-18 12:19:48,449] DEBUG   : TSINFO: Marking hwdata-0.233-18.1.el6.noarch as install for pciutils-3.1.10-4.el6.x86_64
[2019-02-18 12:19:48,450] DEBUG   : TSINFO: Marking xdg-utils-1.0.2-17.20091016cvs.el6.noarch as install for pinfo-0.6.9-12.el6.x86_64
[2019-02-18 12:19:48,460] DEBUG   : TSINFO: Marking plymouth-core-libs-0.8.3-29.el6.centos.x86_64 as install for plymouth-0.8.3-29.el6.centos.x86_64
[2019-02-18 12:19:48,461] DEBUG   : TSINFO: Marking plymouth-scripts-0.8.3-29.el6.centos.x86_64 as install for plymouth-0.8.3-29.el6.centos.x86_64
[2019-02-18 12:19:48,462] DEBUG   : Quick matched plymouth-core-libs-0.8.3-29.el6.centos.x86_64 to require for libply-splash-core.so.2()(64bit)
[2019-02-18 12:19:48,463] DEBUG   : TSINFO: Marking libdrm-2.4.65-2.el6.x86_64 as install for plymouth-0.8.3-29.el6.centos.x86_64
[2019-02-18 12:19:48,464] DEBUG   : Quick matched libdrm-2.4.65-2.el6.x86_64 to require for libdrm_nouveau.so.1()(64bit)
[2019-02-18 12:19:48,464] DEBUG   : Quick matched libdrm-2.4.65-2.el6.x86_64 to require for libdrm_intel.so.1()(64bit)
[2019-02-18 12:19:48,464] DEBUG   : Quick matched libdrm-2.4.65-2.el6.x86_64 to require for libdrm.so.2()(64bit)
[2019-02-18 12:19:48,467] DEBUG   : TSINFO: Marking hdparm-9.43-4.el6.x86_64 as install for pm-utils-1.2.5-11.el6.x86_64
[2019-02-18 12:19:48,468] DEBUG   : TSINFO: Marking hal-0.5.14-14.el6.x86_64 as install for pm-utils-1.2.5-11.el6.x86_64
[2019-02-18 12:19:48,473] DEBUG   : TSINFO: Marking libselinux-utils-2.0.94-7.el6.x86_64 as install for policycoreutils-2.0.83-30.1.el6_8.x86_64
[2019-02-18 12:19:48,475] DEBUG   : TSINFO: Marking libsemanage-2.0.43-5.1.el6.x86_64 as install for policycoreutils-2.0.83-30.1.el6_8.x86_64
[2019-02-18 12:19:48,475] DEBUG   : TSINFO: Marking checkpolicy-2.0.22-1.el6.x86_64 as install for policycoreutils-2.0.83-30.1.el6_8.x86_64
[2019-02-18 12:19:48,476] DEBUG   : TSINFO: Marking diffutils-2.8.1-28.el6.x86_64 as install for policycoreutils-2.0.83-30.1.el6_8.x86_64
[2019-02-18 12:19:48,479] DEBUG   : TSINFO: Marking cyrus-sasl-2.1.23-15.el6_6.2.x86_64 as install for 2:postfix-2.6.6-8.el6.x86_64
[2019-02-18 12:19:48,481] DEBUG   : TSINFO: Marking pcre-7.8-7.el6.x86_64 as install for 2:postfix-2.6.6-8.el6.x86_64
[2019-02-18 12:19:48,483] DEBUG   : TSINFO: Marking mysql-libs-5.1.73-8.el6_8.x86_64 as install for 2:postfix-2.6.6-8.el6.x86_64
[2019-02-18 12:19:48,483] DEBUG   : Quick matched mysql-libs-5.1.73-8.el6_8.x86_64 to require for libmysqlclient.so.16(libmysqlclient_16)(64bit)
[2019-02-18 12:19:48,493] DEBUG   : TSINFO: Marking tcp_wrappers-7.6-58.el6.x86_64 as install for 1:quota-3.17-23.el6.x86_64
[2019-02-18 12:19:48,494] DEBUG   : TSINFO: Marking libnl-1.1.4-2.el6.x86_64 as install for 1:quota-3.17-23.el6.x86_64
[2019-02-18 12:19:48,507] DEBUG   : TSINFO: Marking db4-utils-4.7.25-22.el6.x86_64 as install for rpm-4.8.0-55.el6.x86_64
[2019-02-18 12:19:48,508] DEBUG   : TSINFO: Marking rpm-libs-4.8.0-55.el6.x86_64 as install for rpm-4.8.0-55.el6.x86_64
[2019-02-18 12:19:48,509] DEBUG   : Quick matched rpm-libs-4.8.0-55.el6.x86_64 to require for librpmbuild.so.1()(64bit)
[2019-02-18 12:19:48,509] DEBUG   : Quick matched rpm-libs-4.8.0-55.el6.x86_64 to require for librpm.so.1()(64bit)
[2019-02-18 12:19:48,510] DEBUG   : TSINFO: Marking xz-libs-4.999.9-0.5.beta.20091007git.el6.x86_64 as install for rpm-4.8.0-55.el6.x86_64
[2019-02-18 12:19:48,511] DEBUG   : TSINFO: Marking lua-5.1.4-4.1.el6.x86_64 as install for rpm-4.8.0-55.el6.x86_64
[2019-02-18 12:19:48,519] DEBUG   : TSINFO: Marking selinux-policy-3.7.19-307.el6.noarch as install for selinux-policy-targeted-3.7.19-307.el6.noarch
[2019-02-18 12:19:48,520] DEBUG   : Quick matched selinux-policy-3.7.19-307.el6.noarch to require for selinux-policy
[2019-02-18 12:19:48,523] DEBUG   : TSINFO: Marking usermode-1.102-3.el6.x86_64 as install for setuptool-1.19.9-4.el6.x86_64
[2019-02-18 12:19:48,526] DEBUG   : TSINFO: Marking mailx-12.4-8.el6_6.x86_64 as install for 1:smartmontools-5.43-3.el6.x86_64
[2019-02-18 12:19:48,527] DEBUG   : TSINFO: Marking libxml2-python-2.7.6-21.el6_8.1.x86_64 as install for sos-3.2-54.el6.centos.noarch
[2019-02-18 12:19:48,540] DEBUG   : TSINFO: Marking perl-URI-1.40-2.el6.noarch as install for subversion-1.6.11-15.el6_7.x86_64
[2019-02-18 12:19:48,542] DEBUG   : TSINFO: Marking apr-1.3.9-5.el6_2.x86_64 as install for subversion-1.6.11-15.el6_7.x86_64
[2019-02-18 12:19:48,544] DEBUG   : TSINFO: Marking sqlite-3.6.20-1.el6_7.2.x86_64 as install for subversion-1.6.11-15.el6_7.x86_64
[2019-02-18 12:19:48,545] DEBUG   : TSINFO: Marking neon-0.29.3-3.el6_4.x86_64 as install for subversion-1.6.11-15.el6_7.x86_64
[2019-02-18 12:19:48,549] DEBUG   : TSINFO: Marking apr-util-1.3.9-3.el6_0.1.x86_64 as install for subversion-1.6.11-15.el6_7.x86_64
[2019-02-18 12:19:48,566] DEBUG   : TSINFO: Marking rpm-python-4.8.0-55.el6.x86_64 as install for system-config-network-tui-1.6.0.el6.3-4.el6.noarch
[2019-02-18 12:19:48,566] DEBUG   : TSINFO: Marking python-iwlib-0.1-1.2.el6.x86_64 as install for system-config-network-tui-1.6.0.el6.3-4.el6.noarch
[2019-02-18 12:19:48,567] DEBUG   : TSINFO: Marking python-ethtool-0.6-6.el6.x86_64 as install for system-config-network-tui-1.6.0.el6.3-4.el6.noarch
[2019-02-18 12:19:48,568] DEBUG   : TSINFO: Marking dbus-python-0.83.0-6.1.el6.x86_64 as install for system-config-network-tui-1.6.0.el6.3-4.el6.noarch
[2019-02-18 12:19:48,569] DEBUG   : TSINFO: Marking systemtap-devel-2.9-7.el6.x86_64 as install for systemtap-2.9-7.el6.x86_64
[2019-02-18 12:19:48,571] DEBUG   : TSINFO: Marking systemtap-client-2.9-7.el6.x86_64 as install for systemtap-2.9-7.el6.x86_64
[2019-02-18 12:19:48,580] DEBUG   : TSINFO: Marking 14:libpcap-1.4.0-4.20130826git2dbcaa1.el6.x86_64 as install for 14:tcpdump-4.0.0-11.20090921gitdf3cb4.2.el6.x86_64
[2019-02-18 12:19:48,590] DEBUG   : TSINFO: Marking libusb1-1.0.9-0.7.rc1.el6.x86_64 as install for usbutils-003-6.el6.x86_64
[2019-02-18 12:19:48,595] DEBUG   : TSINFO: Marking libutempter-1.1.5-4.1.el6.x86_64 as install for util-linux-ng-2.17.2-12.28.el6.x86_64
[2019-02-18 12:19:48,595] DEBUG   : Quick matched libutempter-1.1.5-4.1.el6.x86_64 to require for libutempter.so.0()(64bit)
[2019-02-18 12:19:48,599] DEBUG   : TSINFO: Marking 2:vim-common-7.4.629-5.el6_8.1.x86_64 as install for 2:vim-enhanced-7.4.629-5.el6_8.1.x86_64
[2019-02-18 12:19:48,601] DEBUG   : TSINFO: Marking 4:perl-libs-5.10.1-144.el6.x86_64 as install for 2:vim-enhanced-7.4.629-5.el6_8.1.x86_64
[2019-02-18 12:19:48,602] DEBUG   : TSINFO: Marking gpm-libs-1.20.6-12.el6.x86_64 as install for 2:vim-enhanced-7.4.629-5.el6_8.1.x86_64
[2019-02-18 12:19:48,604] DEBUG   : TSINFO: Marking 1:dmidecode-2.12-7.el6.x86_64 as install for virt-what-1.11-1.3.el6.x86_64
[2019-02-18 12:19:48,607] DEBUG   : TSINFO: Marking crda-3.13_2015.10.22-3.el6.x86_64 as install for 1:wireless-tools-29-6.el6.x86_64
[2019-02-18 12:19:48,611] DEBUG   : TSINFO: Marking yum-metadata-parser-1.1.2-16.el6.x86_64 as install for yum-3.2.29-81.el6.centos.noarch
[2019-02-18 12:19:48,612] DEBUG   : TSINFO: Marking python-urlgrabber-3.9.1-11.el6.noarch as install for yum-3.2.29-81.el6.centos.noarch
[2019-02-18 12:19:48,612] DEBUG   : TSINFO: Marking yum-plugin-fastestmirror-1.1.30-40.el6.noarch as install for yum-3.2.29-81.el6.centos.noarch
[2019-02-18 12:19:48,613] DEBUG   : TSINFO: Marking python-iniparse-0.3.1-2.1.el6.noarch as install for yum-3.2.29-81.el6.centos.noarch
[2019-02-18 12:19:48,613] DEBUG   : TSINFO: Marking pygpgme-0.1-18.20090824bzr68.el6.x86_64 as install for yum-3.2.29-81.el6.centos.noarch
[2019-02-18 12:19:48,625] DEBUG   : TSINFO: Marking abrt-python-2.0.8-43.el6.centos.x86_64 as install for abrt-2.0.8-43.el6.centos.x86_64
[2019-02-18 12:19:48,626] DEBUG   : TSINFO: Marking python-dmidecode-3.10.15-1.el6.x86_64 as install for abrt-2.0.8-43.el6.centos.x86_64
[2019-02-18 12:19:48,627] DEBUG   : TSINFO: Marking python-argparse-1.2.1-2.1.el6.noarch as install for abrt-2.0.8-43.el6.centos.x86_64
[2019-02-18 12:19:48,627] DEBUG   : TSINFO: Marking libreport-plugin-ureport-2.0.9-33.el6.centos.x86_64 as install for abrt-2.0.8-43.el6.centos.x86_64
[2019-02-18 12:19:48,639] DEBUG   : TSINFO: Marking p11-kit-trust-0.18.5-2.el6_5.2.x86_64 as install for ca-certificates-2016.2.10-65.4.el6.noarch
[2019-02-18 12:19:48,641] DEBUG   : TSINFO: Marking p11-kit-0.18.5-2.el6_5.2.x86_64 as install for ca-certificates-2016.2.10-65.4.el6.noarch
[2019-02-18 12:19:48,643] DEBUG   : TSINFO: Marking ppl-0.10.2-11.el6.x86_64 as install for cloog-ppl-0.15.7-1.2.el6.x86_64
[2019-02-18 12:19:48,644] DEBUG   : Quick matched ppl-0.10.2-11.el6.x86_64 to require for libppl.so.7()(64bit)
[2019-02-18 12:19:48,647] DEBUG   : TSINFO: Marking kernel-headers-2.6.32-696.el6.x86_64 as install for 1:compat-glibc-headers-2.5-46.2.x86_64
[2019-02-18 12:19:48,649] DEBUG   : TSINFO: Marking iw-4.1-1.el6.x86_64 as install for crda-3.13_2015.10.22-3.el6.x86_64
[2019-02-18 12:19:48,654] DEBUG   : TSINFO: Marking libssh2-1.4.2-2.el6_7.1.x86_64 as install for curl-7.19.7-52.el6.x86_64
[2019-02-18 12:19:48,676] DEBUG   : TSINFO: Marking sgpio-1.2.0.10-5.el6.x86_64 as install for dmraid-events-1.0.0.rc16-11.el6.x86_64
[2019-02-18 12:19:48,676] DEBUG   : TSINFO: Marking device-mapper-event-1.02.117-12.el6.x86_64 as install for dmraid-events-1.0.0.rc16-11.el6.x86_64
[2019-02-18 12:19:48,679] DEBUG   : TSINFO: Marking 2:tar-1.23-15.el6_8.x86_64 as install for dracut-004-409.el6_8.2.noarch
[2019-02-18 12:19:48,680] DEBUG   : TSINFO: Marking dash-0.5.5.1-4.el6.x86_64 as install for dracut-004-409.el6_8.2.noarch
[2019-02-18 12:19:48,684] DEBUG   : TSINFO: Marking fipscheck-1.2.0-7.el6.x86_64 as install for fipscheck-lib-1.2.0-7.el6.x86_64
[2019-02-18 12:19:48,690] DEBUG   : TSINFO: Marking polkit-0.96-11.el6.x86_64 as install for fprintd-0.1-22.git04fd09cfa.el6.x86_64
[2019-02-18 12:19:48,691] DEBUG   : TSINFO: Marking libfprint-0.1.0-19.pre2.el6.x86_64 as install for fprintd-0.1-22.git04fd09cfa.el6.x86_64
[2019-02-18 12:19:48,695] DEBUG   : TSINFO: Marking gettext-libs-0.17-18.el6.x86_64 as install for gettext-devel-0.17-18.el6.x86_64
[2019-02-18 12:19:48,696] DEBUG   : Quick matched gettext-libs-0.17-18.el6.x86_64 to require for libgettextpo.so.0()(64bit)
[2019-02-18 12:19:48,697] DEBUG   : TSINFO: Marking libgcj-4.4.7-18.el6.x86_64 as install for gettext-devel-0.17-18.el6.x86_64
[2019-02-18 12:19:48,699] DEBUG   : TSINFO: Marking shared-mime-info-0.70-6.el6.x86_64 as install for glib2-2.28.8-9.el6.x86_64
[2019-02-18 12:19:48,700] DEBUG   : TSINFO: Marking gamin-0.1.10-9.el6.x86_64 as install for glib2-2.28.8-9.el6.x86_64
[2019-02-18 12:19:48,703] DEBUG   : TSINFO: Marking nss-softokn-freebl-3.14.3-23.3.el6_8.i686 as install for glibc-2.12-1.209.el6.i686
[2019-02-18 12:19:48,703] DEBUG   : Quick matched nss-softokn-freebl-3.14.3-23.3.el6_8.i686 to require for libfreebl3.so
[2019-02-18 12:19:48,706] DEBUG   : TSINFO: Marking tzdata-2016j-1.el6.noarch as install for glibc-common-2.12-1.209.el6.x86_64
[2019-02-18 12:19:48,710] DEBUG   : TSINFO: Marking glibc-headers-2.12-1.209.el6.x86_64 as install for glibc-devel-2.12-1.209.el6.x86_64
[2019-02-18 12:19:48,710] DEBUG   : Quick matched glibc-headers-2.12-1.209.el6.x86_64 to require for glibc-headers
[2019-02-18 12:19:48,719] DEBUG   : TSINFO: Marking hal-libs-0.5.14-14.el6.x86_64 as install for hal-0.5.14-14.el6.x86_64
[2019-02-18 12:19:48,722] DEBUG   : TSINFO: Marking libusb-0.1.12-23.el6.x86_64 as install for hal-0.5.14-14.el6.x86_64
[2019-02-18 12:19:48,723] DEBUG   : TSINFO: Marking ConsoleKit-0.4.1-6.el6.x86_64 as install for hal-0.5.14-14.el6.x86_64
[2019-02-18 12:19:48,723] DEBUG   : TSINFO: Marking hal-info-20090716-5.el6.noarch as install for hal-0.5.14-14.el6.x86_64
[2019-02-18 12:19:48,724] DEBUG   : Quick matched hal-libs-0.5.14-14.el6.x86_64 to require for libhal-storage.so.1()(64bit)
[2019-02-18 12:19:48,730] DEBUG   : TSINFO: Marking keyutils-libs-1.4-5.el6.x86_64 as install for krb5-libs-1.10.3-65.el6.x86_64
[2019-02-18 12:19:48,731] DEBUG   : Quick matched keyutils-libs-1.4-5.el6.x86_64 to require for libkeyutils.so.1()(64bit)
[2019-02-18 12:19:48,741] DEBUG   : TSINFO: Marking libpciaccess-0.13.4-1.el6.x86_64 as install for libdrm-2.4.65-2.el6.x86_64
[2019-02-18 12:19:48,751] DEBUG   : TSINFO: Marking libreport-plugin-reportuploader-2.0.9-33.el6.centos.x86_64 as install for libreport-2.0.9-33.el6.centos.x86_64
[2019-02-18 12:19:48,752] DEBUG   : TSINFO: Marking libreport-filesystem-2.0.9-33.el6.centos.x86_64 as install for libreport-2.0.9-33.el6.centos.x86_64
[2019-02-18 12:19:48,752] DEBUG   : TSINFO: Marking libreport-compat-2.0.9-33.el6.centos.x86_64 as install for libreport-2.0.9-33.el6.centos.x86_64
[2019-02-18 12:19:48,754] DEBUG   : TSINFO: Marking xmlrpc-c-client-1.16.24-1210.1840.el6.x86_64 as install for libreport-2.0.9-33.el6.centos.x86_64
[2019-02-18 12:19:48,756] DEBUG   : TSINFO: Marking xmlrpc-c-1.16.24-1210.1840.el6.x86_64 as install for libreport-2.0.9-33.el6.centos.x86_64
[2019-02-18 12:19:48,757] DEBUG   : TSINFO: Marking libproxy-0.3.0-10.el6.x86_64 as install for libreport-2.0.9-33.el6.centos.x86_64
[2019-02-18 12:19:48,765] DEBUG   : TSINFO: Marking ustr-1.0.4-9.1.el6.x86_64 as install for libsemanage-2.0.43-5.1.el6.x86_64
[2019-02-18 12:19:48,765] DEBUG   : Quick matched ustr-1.0.4-9.1.el6.x86_64 to require for libustr-1.0.so.1(USTR_1.0)(64bit)
[2019-02-18 12:19:48,765] DEBUG   : Quick matched ustr-1.0.4-9.1.el6.x86_64 to require for libustr-1.0.so.1()(64bit)
[2019-02-18 12:19:48,773] DEBUG   : TSINFO: Marking libXau-1.0.6-4.el6.x86_64 as install for libxcb-1.12-4.el6.x86_64
[2019-02-18 12:19:48,795] DEBUG   : TSINFO: Marking gnutls-2.12.23-21.el6.x86_64 as install for neon-0.29.3-3.el6_4.x86_64
[2019-02-18 12:19:48,796] DEBUG   : TSINFO: Marking pakchois-0.4-3.2.el6.x86_64 as install for neon-0.29.3-3.el6_4.x86_64
[2019-02-18 12:19:48,798] DEBUG   : TSINFO: Marking slang-2.2.1-1.el6.x86_64 as install for newt-0.52.11-4.el6.x86_64
[2019-02-18 12:19:48,799] DEBUG   : Quick matched slang-2.2.1-1.el6.x86_64 to require for libslang.so.2()(64bit)
[2019-02-18 12:19:48,807] DEBUG   : TSINFO: Marking nss-softokn-3.14.3-23.3.el6_8.x86_64 as install for nss-3.27.1-13.el6.x86_64
[2019-02-18 12:19:48,808] DEBUG   : TSINFO: Marking nss-sysinit-3.27.1-13.el6.x86_64 as install for nss-3.27.1-13.el6.x86_64
[2019-02-18 12:19:48,808] DEBUG   : Quick matched nss-softokn-3.14.3-23.3.el6_8.x86_64 to require for libnssdbm3.so()(64bit)
[2019-02-18 12:19:48,816] DEBUG   : TSINFO: Marking nss-tools-3.27.1-13.el6.x86_64 as install for openldap-2.4.40-16.el6.x86_64
[2019-02-18 12:19:48,825] DEBUG   : TSINFO: Marking cracklib-dicts-2.8.16-4.el6.x86_64 as install for pam-1.1.1-24.el6.x86_64
[2019-02-18 12:19:48,827] DEBUG   : TSINFO: Marking cracklib-2.8.16-4.el6.x86_64 as install for pam-1.1.1-24.el6.x86_64
[2019-02-18 12:19:48,827] DEBUG   : Quick matched cracklib-2.8.16-4.el6.x86_64 to require for libcrack.so.2()(64bit)
[2019-02-18 12:19:48,835] DEBUG   : TSINFO: Marking 3:perl-version-0.77-144.el6.x86_64 as install for 4:perl-5.10.1-144.el6.x86_64
[2019-02-18 12:19:48,836] DEBUG   : TSINFO: Marking 1:perl-Pod-Simple-3.13-144.el6.x86_64 as install for 4:perl-5.10.1-144.el6.x86_64
[2019-02-18 12:19:48,837] DEBUG   : TSINFO: Marking 1:perl-Module-Pluggable-3.90-144.el6.x86_64 as install for 4:perl-5.10.1-144.el6.x86_64
[2019-02-18 12:19:48,839] DEBUG   : TSINFO: Marking gdbm-1.8.0-39.el6.x86_64 as install for 4:perl-5.10.1-144.el6.x86_64
[2019-02-18 12:19:48,846] DEBUG   : TSINFO: Marking perl-libwww-perl-5.833-5.el6.noarch as install for perl-XML-Parser-2.36-7.el6.x86_64
[2019-02-18 12:19:48,854] DEBUG   : TSINFO: Marking gpgme-1.1.8-3.el6.x86_64 as install for pygpgme-0.1-18.20090824bzr68.el6.x86_64
[2019-02-18 12:19:48,854] DEBUG   : Quick matched gpgme-1.1.8-3.el6.x86_64 to require for libgpgme.so.11(GPGME_1.0)(64bit)
[2019-02-18 12:19:48,854] DEBUG   : Quick matched gpgme-1.1.8-3.el6.x86_64 to require for libgpgme.so.11()(64bit)
[2019-02-18 12:19:48,860] DEBUG   : TSINFO: Marking libffi-3.0.5-3.2.el6.x86_64 as install for python-libs-2.6.6-66.el6_8.x86_64
[2019-02-18 12:19:48,861] DEBUG   : TSINFO: Marking python-crypto-2.0.1-22.el6.x86_64 as install for python-paramiko-1.7.5-2.1.el6.noarch
[2019-02-18 12:19:48,862] DEBUG   : TSINFO: Marking python-pycurl-7.19.0-9.el6.x86_64 as install for python-urlgrabber-3.9.1-11.el6.noarch
[2019-02-18 12:19:48,883] DEBUG   : TSINFO: Marking avahi-libs-0.6.25-17.el6.x86_64 as install for systemtap-client-2.9-7.el6.x86_64
[2019-02-18 12:19:48,883] DEBUG   : Quick matched avahi-libs-0.6.25-17.el6.x86_64 to require for libavahi-client.so.3()(64bit)
[2019-02-18 12:19:48,892] DEBUG   : TSINFO: Marking MAKEDEV-3.24-6.el6.x86_64 as install for udev-147-2.73.el6_8.2.x86_64
[2019-02-18 12:19:48,896] DEBUG   : TSINFO: Marking libnih-1.0.1-7.el6.x86_64 as install for upstart-0.6.5-16.el6.x86_64
[2019-02-18 12:19:48,896] DEBUG   : Quick matched libnih-1.0.1-7.el6.x86_64 to require for libnih-dbus.so.1(LIBNIH_DBUS_1_0)(64bit)
[2019-02-18 12:19:48,896] DEBUG   : Quick matched libnih-1.0.1-7.el6.x86_64 to require for libnih.so.1()(64bit)
[2019-02-18 12:19:48,896] DEBUG   : Quick matched libnih-1.0.1-7.el6.x86_64 to require for libnih-dbus.so.1()(64bit)
[2019-02-18 12:19:48,898] DEBUG   : TSINFO: Marking 2:vim-filesystem-7.4.629-5.el6_8.1.x86_64 as install for 2:vim-common-7.4.629-5.el6_8.1.x86_64
[2019-02-18 12:19:48,900] DEBUG   : TSINFO: Marking desktop-file-utils-0.15-9.el6.x86_64 as install for xdg-utils-1.0.2-17.20091016cvs.el6.noarch
[2019-02-18 12:19:48,909] DEBUG   : TSINFO: Marking ConsoleKit-libs-0.4.1-6.el6.x86_64 as install for ConsoleKit-0.4.1-6.el6.x86_64
[2019-02-18 12:19:48,913] DEBUG   : TSINFO: Marking pygobject2-2.20.0-5.el6.x86_64 as install for abrt-python-2.0.8-43.el6.centos.x86_64
[2019-02-18 12:19:48,923] DEBUG   : TSINFO: Marking libtasn1-2.3-6.el6_5.x86_64 as install for gnutls-2.12.23-21.el6.x86_64
[2019-02-18 12:19:48,923] DEBUG   : Quick matched libtasn1-2.3-6.el6_5.x86_64 to require for libtasn1.so.3()(64bit)
[2019-02-18 12:19:48,930] DEBUG   : TSINFO: Marking gdk-pixbuf2-2.24.1-6.el6_7.x86_64 as install for libfprint-0.1.0-19.pre2.el6.x86_64
[2019-02-18 12:19:48,941] DEBUG   : TSINFO: Marking libart_lgpl-2.3.20-5.1.el6.x86_64 as install for libgcj-4.4.7-18.el6.x86_64
[2019-02-18 12:19:48,943] DEBUG   : TSINFO: Marking gtk2-2.24.23-9.el6.x86_64 as install for libgcj-4.4.7-18.el6.x86_64
[2019-02-18 12:19:48,944] DEBUG   : TSINFO: Marking pango-1.28.1-11.el6.x86_64 as install for libgcj-4.4.7-18.el6.x86_64
[2019-02-18 12:19:48,944] DEBUG   : Quick matched pango-1.28.1-11.el6.x86_64 to require for libpangocairo-1.0.so.0()(64bit)
[2019-02-18 12:19:48,945] DEBUG   : Quick matched pango-1.28.1-11.el6.x86_64 to require for libpango-1.0.so.0()(64bit)
[2019-02-18 12:19:48,945] DEBUG   : Quick matched gtk2-2.24.23-9.el6.x86_64 to require for libgdk-x11-2.0.so.0()(64bit)
[2019-02-18 12:19:48,946] DEBUG   : TSINFO: Marking freetype-2.3.11-17.el6.x86_64 as install for libgcj-4.4.7-18.el6.x86_64
[2019-02-18 12:19:48,948] DEBUG   : TSINFO: Marking fontconfig-2.8.0-5.el6.x86_64 as install for libgcj-4.4.7-18.el6.x86_64
[2019-02-18 12:19:48,950] DEBUG   : TSINFO: Marking cairo-1.8.8-6.el6_6.x86_64 as install for libgcj-4.4.7-18.el6.x86_64
[2019-02-18 12:19:48,952] DEBUG   : TSINFO: Marking atk-1.30.0-1.el6.x86_64 as install for libgcj-4.4.7-18.el6.x86_64
[2019-02-18 12:19:48,954] DEBUG   : TSINFO: Marking libXtst-1.2.3-1.el6.x86_64 as install for libgcj-4.4.7-18.el6.x86_64
[2019-02-18 12:19:48,956] DEBUG   : TSINFO: Marking libXrender-0.9.10-1.el6.x86_64 as install for libgcj-4.4.7-18.el6.x86_64
[2019-02-18 12:19:48,957] DEBUG   : TSINFO: Marking libXrandr-1.5.1-1.el6.x86_64 as install for libgcj-4.4.7-18.el6.x86_64
[2019-02-18 12:19:48,958] DEBUG   : TSINFO: Marking libSM-1.2.1-2.el6.x86_64 as install for libgcj-4.4.7-18.el6.x86_64
[2019-02-18 12:19:48,959] DEBUG   : TSINFO: Marking libICE-1.0.6-1.el6.x86_64 as install for libgcj-4.4.7-18.el6.x86_64
[2019-02-18 12:19:48,962] DEBUG   : TSINFO: Marking libproxy-python-0.3.0-10.el6.x86_64 as install for libproxy-0.3.0-10.el6.x86_64
[2019-02-18 12:19:48,963] DEBUG   : TSINFO: Marking libproxy-bin-0.3.0-10.el6.x86_64 as install for libproxy-0.3.0-10.el6.x86_64
[2019-02-18 12:19:48,982] DEBUG   : TSINFO: Marking 1:perl-Pod-Escapes-1.04-144.el6.x86_64 as install for 1:perl-Pod-Simple-3.13-144.el6.x86_64
[2019-02-18 12:19:48,985] DEBUG   : TSINFO: Marking perl-HTML-Parser-3.64-2.el6.x86_64 as install for perl-libwww-perl-5.833-5.el6.noarch
[2019-02-18 12:19:48,985] DEBUG   : Quick matched perl-HTML-Parser-3.64-2.el6.x86_64 to require for perl(HTML::Entities)
[2019-02-18 12:19:48,986] DEBUG   : TSINFO: Marking perl-Compress-Zlib-2.021-144.el6.x86_64 as install for perl-libwww-perl-5.833-5.el6.noarch
[2019-02-18 12:19:48,988] DEBUG   : TSINFO: Marking mailcap-2.1.31-2.el6.noarch as install for perl-libwww-perl-5.833-5.el6.noarch
[2019-02-18 12:19:48,994] DEBUG   : TSINFO: Marking eggdbus-0.6-3.el6.x86_64 as install for polkit-0.96-11.el6.x86_64
[2019-02-18 12:19:49,008] DEBUG   : TSINFO: Marking 2:libpng-1.2.49-2.el6_7.x86_64 as install for cairo-1.8.8-6.el6_6.x86_64
[2019-02-18 12:19:49,008] DEBUG   : Quick matched 2:libpng-1.2.49-2.el6_7.x86_64 to require for libpng12.so.0()(64bit)
[2019-02-18 12:19:49,009] DEBUG   : TSINFO: Marking pixman-0.32.8-1.el6.x86_64 as install for cairo-1.8.8-6.el6_6.x86_64
[2019-02-18 12:19:49,063] DEBUG   : TSINFO: Marking libX11-1.6.4-3.el6.x86_64 as install for cairo-1.8.8-6.el6_6.x86_64
[2019-02-18 12:19:49,073] DEBUG   : TSINFO: Marking libjpeg-turbo-1.2.1-3.el6_5.x86_64 as install for gdk-pixbuf2-2.24.1-6.el6_7.x86_64
[2019-02-18 12:19:49,075] DEBUG   : TSINFO: Marking libtiff-3.9.4-21.el6_8.x86_64 as install for gdk-pixbuf2-2.24.1-6.el6_7.x86_64
[2019-02-18 12:19:49,076] DEBUG   : TSINFO: Marking jasper-libs-1.900.1-16.el6_6.3.x86_64 as install for gdk-pixbuf2-2.24.1-6.el6_7.x86_64
[2019-02-18 12:19:49,083] DEBUG   : TSINFO: Marking hicolor-icon-theme-0.11-1.1.el6.noarch as install for gtk2-2.24.23-9.el6.x86_64
[2019-02-18 12:19:49,085] DEBUG   : TSINFO: Marking 1:cups-libs-1.4.2-77.el6.x86_64 as install for gtk2-2.24.23-9.el6.x86_64
[2019-02-18 12:19:49,086] DEBUG   : TSINFO: Marking libXinerama-1.1.3-2.1.el6.x86_64 as install for gtk2-2.24.23-9.el6.x86_64
[2019-02-18 12:19:49,088] DEBUG   : TSINFO: Marking libXi-1.7.8-1.el6.x86_64 as install for gtk2-2.24.23-9.el6.x86_64
[2019-02-18 12:19:49,092] DEBUG   : TSINFO: Marking libXfixes-5.0.3-1.el6.x86_64 as install for gtk2-2.24.23-9.el6.x86_64
[2019-02-18 12:19:49,095] DEBUG   : TSINFO: Marking libXext-1.3.3-1.el6.x86_64 as install for gtk2-2.24.23-9.el6.x86_64
[2019-02-18 12:19:49,096] DEBUG   : TSINFO: Marking libXdamage-1.1.3-4.el6.x86_64 as install for gtk2-2.24.23-9.el6.x86_64
[2019-02-18 12:19:49,097] DEBUG   : TSINFO: Marking libXcursor-1.1.14-2.1.el6.x86_64 as install for gtk2-2.24.23-9.el6.x86_64
[2019-02-18 12:19:49,099] DEBUG   : TSINFO: Marking libXcomposite-0.4.3-4.el6.x86_64 as install for gtk2-2.24.23-9.el6.x86_64
[2019-02-18 12:19:49,110] DEBUG   : TSINFO: Marking libthai-0.1.12-3.el6.x86_64 as install for pango-1.28.1-11.el6.x86_64
[2019-02-18 12:19:49,111] DEBUG   : Quick matched libthai-0.1.12-3.el6.x86_64 to require for libthai.so.0(LIBTHAI_0.1)(64bit)
[2019-02-18 12:19:49,111] DEBUG   : Quick matched libthai-0.1.12-3.el6.x86_64 to require for libthai.so.0()(64bit)
[2019-02-18 12:19:49,114] DEBUG   : TSINFO: Marking libXft-2.3.2-1.el6.x86_64 as install for pango-1.28.1-11.el6.x86_64
[2019-02-18 12:19:49,116] DEBUG   : TSINFO: Marking perl-IO-Compress-Zlib-2.021-144.el6.x86_64 as install for perl-Compress-Zlib-2.021-144.el6.x86_64
[2019-02-18 12:19:49,117] DEBUG   : Quick matched perl-IO-Compress-Zlib-2.021-144.el6.x86_64 to require for perl(IO::Compress::Gzip::Constants)
[2019-02-18 12:19:49,117] DEBUG   : Quick matched perl-IO-Compress-Zlib-2.021-144.el6.x86_64 to require for perl(IO::Compress::Gzip)
[2019-02-18 12:19:49,117] DEBUG   : TSINFO: Marking perl-IO-Compress-Base-2.021-144.el6.x86_64 as install for perl-Compress-Zlib-2.021-144.el6.x86_64
[2019-02-18 12:19:49,118] DEBUG   : TSINFO: Marking 1:perl-Compress-Raw-Zlib-2.021-144.el6.x86_64 as install for perl-Compress-Zlib-2.021-144.el6.x86_64
[2019-02-18 12:19:49,120] DEBUG   : TSINFO: Marking perl-HTML-Tagset-3.20-4.el6.noarch as install for perl-HTML-Parser-3.64-2.el6.x86_64
[2019-02-18 12:19:49,121] DEBUG   : Quick matched perl-HTML-Tagset-3.20-4.el6.noarch to require for perl(HTML::Tagset)
[2019-02-18 12:19:49,127] DEBUG   : TSINFO: Marking libX11-common-1.6.4-3.el6.noarch as install for libX11-1.6.4-3.el6.x86_64
[2019-02-18 12:19:49,230] DEBUG   : Depsolve time: 1.485
[2019-02-18 12:24:11,087] DEBUG   : VerifyTransaction time: 9.626
