---c4Xnab|ozdyQ1ei
---uq{kDbsG8qo7dye
---ppgd.p26fSZvpte
---fABi&ron13wlgiu
---ixleJlrf7ieU>6y
---1HWbyrrho6.dkzq
---pzOKeqts3o_1glh
---&SaqEs1pjgadn0b
---aewzijXr(7kq2Mx
---f9zfmS<l8iBmkjc
---zscx[9isSI3rgcf
oldboy01---vdloEpid47nXvp\
oldboy02---dgs0Qb@Cvw3onhf
oldboy03---ege7dabv=Lkz3jP
oldboy04---8grNTrbqdzct?1x
oldboy05---qYQlor-va2llhp1
oldboy06---Dkrfbbbukx&Uf90
oldboy07---"cKz6Fs9vbdihgx
oldboy08---az<r1hdWUvbbw2t
oldboy09---dkdypnDu(8obzU6
oldboy10---^sAthaqc74pVadn
oldboy16---syiq4hoE#cU1ltm
oldboy17---sb4xD4jfgnsM>ke
