=============iptables set is===============
iptables -A INPUT -s 59.33.26.105 -j DROP
=============iptables set is===============
iptables -A INPUT -s 123.122.65.226 -j DROP
=============iptables set is===============
iptables -A INPUT -s 124.115.4.18 -j DROP
=============iptables set is===============
iptables -A INPUT -s 59.33.26.105 -j DROP
=============iptables set is===============
iptables -A INPUT -s 123.122.65.226 -j DROP
=============iptables set is===============
iptables -A INPUT -s 124.115.4.18 -j DROP
=============iptables set is===============
iptables -A INPUT -s 59.33.26.105 -j DROP
=============iptables set is===============
iptables -A INPUT -s 123.122.65.226 -j DROP
=============iptables set is===============
iptables -A INPUT -s 124.115.4.18 -j DROP
===========the sum rate of today is===========:
 2265955
===========Pv number is===========
/static/js/jquery-jquery-1.3.2.min.js 5
/?= 5
/messagebroker/amf 26
/static/js/common.js 5
//back/upload/course/2010-10-25-23-48-59-048-18.jpg 36
/static/js/web_js.js 5
/static/images/photos/2.jpg 3
/back/upload/teacher/2010-08-30-13-57-43-06210.jpg 1
/static/js/default.js 5
/static/js/addToCart.js 5
/static/js/cookieUtil.js 5
/static/flex/vedioLoading.swf 6
/static/js/jquery.lazyload.js 5
/back/upload/teacher/2010-08-06-11-39-59-0469.jpg 1
/cms/cmtweb!getCommentListBySource.action 1
/static/web/coursesort/5.shtml 1
=============iptables set is===============
iptables -A INPUT -s 59.33.26.105 -j DROP
=============iptables set is===============
iptables -A INPUT -s 123.122.65.226 -j DROP
=============iptables set is===============
iptables -A INPUT -s 124.115.4.18 -j DROP
===========the sum rate of today is===========:
 2265955
===========Pv number is===========
/static/js/jquery-jquery-1.3.2.min.js 5
/?= 5
/messagebroker/amf 26
/static/js/common.js 5
//back/upload/course/2010-10-25-23-48-59-048-18.jpg 36
/static/js/web_js.js 5
/static/images/photos/2.jpg 3
/back/upload/teacher/2010-08-30-13-57-43-06210.jpg 1
/static/js/default.js 5
/static/js/addToCart.js 5
/static/js/cookieUtil.js 5
/static/flex/vedioLoading.swf 6
/static/js/jquery.lazyload.js 5
/back/upload/teacher/2010-08-06-11-39-59-0469.jpg 1
/cms/cmtweb!getCommentListBySource.action 1
/static/web/coursesort/5.shtml 1
=============iptables set is===============
iptables -A INPUT -s 59.33.26.105 -j DROP
=============iptables set is===============
iptables -A INPUT -s 123.122.65.226 -j DROP
=============iptables set is===============
iptables -A INPUT -s 124.115.4.18 -j DROP
===========the sum rate of today is===========:
 2265955
===========Pv number is===========
/static/js/jquery-jquery-1.3.2.min.js 5
/?= 5
/messagebroker/amf 26
/static/js/common.js 5
//back/upload/course/2010-10-25-23-48-59-048-18.jpg 36
/static/js/web_js.js 5
/static/images/photos/2.jpg 3
/back/upload/teacher/2010-08-30-13-57-43-06210.jpg 1
/static/js/default.js 5
/static/js/addToCart.js 5
/static/js/cookieUtil.js 5
/static/flex/vedioLoading.swf 6
/static/js/jquery.lazyload.js 5
/back/upload/teacher/2010-08-06-11-39-59-0469.jpg 1
/cms/cmtweb!getCommentListBySource.action 1
/static/web/coursesort/5.shtml 1
